<?xml version="1.0" encoding="UTF-8"?>
<testsuite xmlns:xsi="http://www.w3.org/2001/XMLSchema-instance" xsi:noNamespaceSchemaLocation="https://maven.apache.org/surefire/maven-surefire-plugin/xsd/surefire-test-report-3.0.xsd" version="3.0" name="seleniumTesting.RunCucumberTest" time="62.271" tests="6" errors="1" skipped="4" failures="0">
  <properties>
[...]
</properties>
  <testcase name="" classname="seleniumTesting.clothesSite.ClothesSiteTest" time="0">
    <skipped message="class seleniumTesting.clothesSite.ClothesSiteTest is @Disabled"/>
  </testcase>
  <testcase name="" classname="seleniumTesting.cookieClicker.CookieClickerTest" time="0">
    <skipped message="class seleniumTesting.cookieClicker.CookieClickerTest is @Disabled"/>
  </testcase>
  <testcase name="" classname="seleniumTesting.MyFirstSeleniumTest" time="0">
    <skipped message="class seleniumTesting.MyFirstSeleniumTest is @Disabled"/>
  </testcase>
  <testcase name="" classname="seleniumTesting.phpTravels.PhpTravelsTest" time="0">
    <skipped message="class seleniumTesting.phpTravels.PhpTravelsTest is @Disabled"/>
  </testcase>
  <testcase name="Buy A Dress" classname="Purchasing A Dress" time="59.352">
    <system-out><![CDATA[
Scenario: Buy A Dress                                                  &amp#27;[90m# cucumberscenarios/ClothesShopSiteBuyADress.feature:3&amp#27;[0m
  &amp#27;[32mGiven &amp#27;[0m&amp#27;[32mI have navigated to the sites dresses products page&amp#27;[0m            &amp#27;[90m# seleniumTesting.clothesSite.cucumbertests.stepDefinitions.ClothesShopSiteBuyADressStepDefinitions.iHaveNavigatedToTheSitesDressesProductsPage()&amp#27;[0m
  &amp#27;[32mAnd &amp#27;[0m&amp#27;[32mI have added a chosen dress to my basket&amp#27;[0m                         &amp#27;[90m# seleniumTesting.clothesSite.cucumbertests.stepDefinitions.ClothesShopSiteBuyADressStepDefinitions.iHaveAddedAChosenDressToMyBasket()&amp#27;[0m
  &amp#27;[32mWhen &amp#27;[0m&amp#27;[32mI proceed to checkout, input all my details and confirm payment&amp#27;[0m &amp#27;[90m# seleniumTesting.clothesSite.cucumbertests.stepDefinitions.ClothesShopSiteBuyADressStepDefinitions.iProceedToCheckoutInputAllMyDetailsAndConfirmPayment()&amp#27;[0m
  &amp#27;[32mThen &amp#27;[0m&amp#27;[32mI will receive a purchase successful confirmation notification&amp#27;[0m  &amp#27;[90m# seleniumTesting.clothesSite.cucumbertests.stepDefinitions.ClothesShopSiteBuyADressStepDefinitions.iWillReceiveAPurchaseSuccessfulConfirmationNotification()&amp#27;[0m
]]></system-out>
    <system-err><![CDATA[SLF4J: Failed to load class "org.slf4j.impl.StaticLoggerBinder".
SLF4J: Defaulting to no-operation (NOP) logger implementation
SLF4J: See http://www.slf4j.org/codes.html#StaticLoggerBinder for further details.
1654780266450	geckodriver	INFO	Listening on 127.0.0.1:65269
1654780266621	mozrunner::runner	INFO	Running command: "C:\\Program Files\\Mozilla Firefox\\firefox.exe" "--marionette" "--remote-debugging-port" "65214" "--remote-allow-hosts" "localhost" "--remote-allow-origins" "http://localhost:65214/" "-no-remote" "-profile" "C:\\Users\\georg\\AppData\\Local\\Temp\\rust_mozprofileuCQnEX"
console.error: Enterprise Policies: 
  Unknown policy: QuicAllowed
1654780266878	Marionette	INFO	Marionette enabled
WebDriver BiDi listening on ws://localhost:65214
console.warn: SearchSettings: "get: No settings file exists, new profile?" (new NotFoundError("Could not open the file at C:\\Users\\georg\\AppData\\Local\\Temp\\rust_mozprofileuCQnEX\\search.json.mozlz4", (void 0)))
1654780268183	Marionette	INFO	Listening on port 51578
Read port: 51578
1654780268274	RemoteAgent	WARN	TLS certificate errors will be ignored for this session
DevTools listening on ws://localhost:65214/devtools/browser/70aaa209-371c-44cf-b15b-34be5bc543ea
Jun 09, 2022 2:11:08 PM org.openqa.selenium.remote.ProtocolHandshake createSession
INFO: Detected upstream dialect: W3C
console.warn: LoginRecipes: "getRecipes: falling back to a synchronous message for:" "http://automationpractice.com"
console.warn: LoginRecipes: "getRecipes: falling back to a synchronous message for:" "http://automationpractice.com"
console.warn: LoginRecipes: "getRecipes: falling back to a synchronous message for:"J "ahvtatSpc:r/i/patu teormrationpractoirc:e .rceosmo"ur
ce://gre/modules/LoginManagerParent.jsm, line 136: TypeError: gRecipeManager is null
console.warn: LoginRecipes: "getRecipes: falling back to a synchronous message for:" "http://automationpractice.com"
JavaScript error: resource://gre/modules/LoginManagerParent.jsm, line 136: TypeError: gRecipeManager is null
console.warn: LoginRecipes: "getRecipes: falling back to a synchronous message for:" "http://automationpractice.com"
JavaScript error: resource://gre/modules/LoginManagerParent.jsm, line 136: TypeError: gRecipeManager is null
console.warn: LoginRecipes: "getRecipes: falling back to a synchronous message for:" "http://automJaatviaoSncprriapctt iecrer.or: croems"ou
rce://gre/modules/LoginManagerParent.jsm, line 136: TypeError: gRecipeManager is null
console.warn: LoginRecipes: "getRecipes: falling back to a synchronous message for:" "http://automationpractice.comJavaS"
cript error: resource://gre/modules/LoginManagerParent.jsm, line 136: TypeError: gRecipeManager is null
console.warn: LoginRecipes: "getRecipes: falling back to a synchronous message for:" "http://automationpracJtaivcea.Sccormi"pt
 error: resource://gre/modules/LoginManagerParent.jsm, line 136: TypeError: gRecipeManager is null
console.warn: LoginRecipes: "getRecipes: falling back to a synchronous message for:" "http://automationJparvaacStcirciep.tc oerrom"
crons:o lree.swoaurrnc:e :L/o/ggirneRecipes: "getRecipes: falling back to a synchron/ousm omdeuslseasg/eL ofgoirn:M"a n"ahgtetrpP:a/r/eanutt.ojmsamt,i olnipnrea c1t3i6c:e .coTmy"pe
Error: gRecipeManager is null
JavaScript error: resource://gre/modules/LoginManagerParent.jsm, line 136: TypeError: gRecipeManager is null
console.warn: LoginRecipes: "getRecipes: falling back to a synchronous message for:" "http://automationpractice.com"
JavaScript error: resource://gre/modules/LoginManagerParent.jsm, line 136: TypeError: gRecipeManager is null
console.warn: LoginRecipes: "getRecipes: falling back to a synchronous message for:" "http://automationpractice.com"
JavaScript error: resource://gre/modules/LoginManagerParent.jsm, line 136: TypeError: gRecipeManager is null
console.warn: LoginRecipes: "getRecipes: falling back to a synchronous message for:" "http://automationpractice.com"
JavaScript error: resource://gre/modules/LoginManagerParent.jsm, line 136: TypeError: gRecipeManager is null
console.warn: LoginRecipes: "getRecipes: falling back to a synchronous message for:" "http://automationpraJcatvice.com"aS
cript error: resource://gre/modules/LoginManagerParent.jsm, line 136: TypeError: gRecipeManager is null
console.warn: LoginRecipes: "getRecipes: falling back to a synchronous message for:" "http://aJuatvoamSaticornipprta cetrircoer.:c orme"so
urce://gre/modules/LoginManagerParent.jsm, line 136: TypeError: gRecipeManager is null
console.warn: LoginRecipes: "getRecipes: falling back to a synchronous message for:" "http://automationpractice.com"
JavaScript error: resource://gre/modules/LoginManagerParent.jsm, line 136: TypeError: gRecipeManager is null
console.warn: LoginRecipes: "getRecipes: falling back to a synchronous message for:" "http://automationpractice.com"
JavaScript error: resource://gre/modules/LoginManagerParent.jsm, line 136: TypeError: gRecipeManager is null
console.warn: LoginRecipes: "getRecipes: falling back to a synchronous message for:" "http://automationpracticJe.caomv"aS
cript error: resource://gre/modules/LoginManagerParent.jsm, line 136: TypeError: gRecipeManager is null
console.warn: LoginRecipes: "getRecipes: falling back to a synchronous message for:" "http://automationpractice.com"
JavaScript error: resource://gre/modules/LoginManagerParent.jsm, line 136: TypeError: gRecipeManager is null
console.warn: LoginRecipes: "getRecipes: falling back to a synchronous message for:" "http://automationpractice.com"
JavaScript error: resource://gre/modules/LoginManagerParent.jsm, line 136: TypeError: gRecipeManager is null
1654780323968	Marionette	INFO	Stopped listening on port 51578
]]></system-err>
  </testcase>
  <testcase name="Testing" classname="Purchasing Travel Tickets" time="2.544">
    <error type="io.cucumber.junit.platform.engine.UndefinedStepException"><![CDATA[io.cucumber.junit.platform.engine.UndefinedStepException: 
The step 'I am spaghetti' and 2 other step(s) are undefined.
You can implement these steps using the snippet(s) below:

@Given("I am spaghetti")
public void i_am_spaghetti() {
    // Write code here that turns the phrase above into concrete actions
    throw new io.cucumber.java.PendingException();
}
@When("I find spaghetti")
public void i_find_spaghetti() {
    // Write code here that turns the phrase above into concrete actions
    throw new io.cucumber.java.PendingException();
}
@Then("I eat the spaghetti")
public void i_eat_the_spaghetti() {
    // Write code here that turns the phrase above into concrete actions
    throw new io.cucumber.java.PendingException();
}

]]></error>
    <system-out><![CDATA[
Scenario: Testing          &amp#27;[90m# cucumberscenarios/PHPTravelsFlights.feature:3&amp#27;[0m
  &amp#27;[33mGiven &amp#27;[0m&amp#27;[33mI am spaghetti&amp#27;[0m
  &amp#27;[36mWhen &amp#27;[0m&amp#27;[36mI find spaghetti&amp#27;[0m
  &amp#27;[36mThen &amp#27;[0m&amp#27;[36mI eat the spaghetti&amp#27;[0m
]]></system-out>
    <system-err><![CDATA[1654780325183	geckodriver	INFO	Listening on 127.0.0.1:51549
1654780325206	mozrunner::runner	INFO	Running command: "C:\\Program Files\\Mozilla Firefox\\firefox.exe" "--marionette" "--remote-debugging-port" "59333" "--remote-allow-hosts" "localhost" "--remote-allow-origins" "http://localhost:59333/" "-no-remote" "-profile" "C:\\Users\\georg\\AppData\\Local\\Temp\\rust_mozprofilegRIEZj"
console.error: Enterprise Policies: 
  Unknown policy: QuicAllowed
1654780325443	Marionette	INFO	Marionette enabled
WebDriver BiDi listening on ws://localhost:59333
console.warn: SearchSettings: "get: No settings file exists, new profile?" (new NotFoundError("Could not open the file at C:\\Users\\georg\\AppData\\Local\\Temp\\rust_mozprofilegRIEZj\\search.json.mozlz4", (void 0)))
1654780326623	Marionette	INFO	Listening on port 58704
Read port: 58704
1654780326649	RemoteAgent	WARN	TLS certificate errors will be ignored for this session
Jun 09, 2022 2:12:06 PM org.openqa.selenium.remote.ProtocolHandshake createSession
INFO: Detected upstream dialect: W3C
1654780326695	Marionette	INFO	Stopped listening on port 58704
1654780326732	CDP	WARN	Failed to remove undefined (Could not parse path (undefined): NS_ERROR_FILE_UNRECOGNIZED_PATH)
console.error: services.settings: 
  main/query-stripping Signature failed  TypeError: NetworkError: Network request failed
]]></system-err>
  </testcase>
</testsuite>